<?xml version="1.0" encoding="UTF-8"?>
<testng-results ignored="0" total="1" passed="1" failed="0" skipped="0">
  <reporter-output>
  </reporter-output>
  <suite started-at="2023-03-21T17:01:02 IST" name="Default suite" finished-at="2023-03-21T17:01:02 IST" duration-ms="34">
    <groups>
    </groups>
    <test started-at="2023-03-21T17:01:02 IST" name="Default test" finished-at="2023-03-21T17:01:02 IST" duration-ms="34">
      <class name="practice.sampletest">
        <test-method signature="sample1()[pri:0, instance:practice.sampletest@50a7bc6e]" started-at="2023-03-21T17:01:02 IST" name="sample1" finished-at="2023-03-21T17:01:02 IST" duration-ms="6" status="PASS">
          <reporter-output>
          </reporter-output>
        </test-method> <!-- sample1 -->
      </class> <!-- practice.sampletest -->
    </test> <!-- Default test -->
  </suite> <!-- Default suite -->
</testng-results>
